app/admin/dashboard/page.tsx(294,97): error TS1005: '</' expected.
app/admin/dashboard/page.tsx(295,1): error TS1185: Merge conflict marker encountered.
app/admin/dashboard/page.tsx(296,1): error TS1185: Merge conflict marker encountered.
app/admin/dashboard/page.tsx(390,1): error TS1185: Merge conflict marker encountered.
app/admin/dashboard/page.tsx(497,13): error TS2657: JSX expressions must have one parent element.
app/admin/dashboard/page.tsx(934,273): error TS1005: ';' expected.
app/admin/dashboard/page.tsx(934,273): error TS1005: '</' expected.
app/admin/dashboard/page.tsx(935,1): error TS1185: Merge conflict marker encountered.
app/admin/dashboard/page.tsx(936,1): error TS1185: Merge conflict marker encountered.
app/admin/dashboard/page.tsx(941,1): error TS1185: Merge conflict marker encountered.
app/admin/dashboard/page.tsx(942,45): error TS1128: Declaration or statement expected.
app/admin/dashboard/page.tsx(943,41): error TS1109: Expression expected.
app/admin/dashboard/page.tsx(951,37): error TS1128: Declaration or statement expected.
app/admin/dashboard/page.tsx(952,33): error TS1109: Expression expected.
app/admin/dashboard/page.tsx(953,29): error TS1128: Declaration or statement expected.
app/admin/dashboard/page.tsx(956,34): error TS1005: ';' expected.
app/admin/dashboard/page.tsx(957,1): error TS1185: Merge conflict marker encountered.
app/admin/dashboard/page.tsx(958,39): error TS1005: ',' expected.
app/admin/dashboard/page.tsx(998,1): error TS1382: Unexpected token. Did you mean `{'>'}` or `&gt;`?
app/admin/dashboard/page.tsx(998,2): error TS1382: Unexpected token. Did you mean `{'>'}` or `&gt;`?
app/admin/dashboard/page.tsx(998,3): error TS1382: Unexpected token. Did you mean `{'>'}` or `&gt;`?
app/admin/dashboard/page.tsx(998,4): error TS1382: Unexpected token. Did you mean `{'>'}` or `&gt;`?
app/admin/dashboard/page.tsx(998,5): error TS1382: Unexpected token. Did you mean `{'>'}` or `&gt;`?
app/admin/dashboard/page.tsx(998,6): error TS1382: Unexpected token. Did you mean `{'>'}` or `&gt;`?
app/admin/dashboard/page.tsx(998,7): error TS1382: Unexpected token. Did you mean `{'>'}` or `&gt;`?
app/admin/dashboard/page.tsx(1006,181): error TS1005: '</' expected.
app/admin/dashboard/page.tsx(1008,1): error TS1185: Merge conflict marker encountered.
app/admin/dashboard/page.tsx(1010,58): error TS1005: ',' expected.
app/admin/dashboard/page.tsx(1010,117): error TS1005: ',' expected.
app/admin/dashboard/page.tsx(1010,124): error TS1136: Property assignment expected.
app/admin/dashboard/page.tsx(1010,143): error TS1005: ',' expected.
app/admin/dashboard/page.tsx(1045,1): error TS1382: Unexpected token. Did you mean `{'>'}` or `&gt;`?
app/admin/dashboard/page.tsx(1045,2): error TS1382: Unexpected token. Did you mean `{'>'}` or `&gt;`?
app/admin/dashboard/page.tsx(1045,3): error TS1382: Unexpected token. Did you mean `{'>'}` or `&gt;`?
app/admin/dashboard/page.tsx(1045,4): error TS1382: Unexpected token. Did you mean `{'>'}` or `&gt;`?
app/admin/dashboard/page.tsx(1045,5): error TS1382: Unexpected token. Did you mean `{'>'}` or `&gt;`?
app/admin/dashboard/page.tsx(1045,6): error TS1382: Unexpected token. Did you mean `{'>'}` or `&gt;`?
app/admin/dashboard/page.tsx(1045,7): error TS1382: Unexpected token. Did you mean `{'>'}` or `&gt;`?
app/admin/dashboard/page.tsx(1081,45): error TS1128: Declaration or statement expected.
app/admin/dashboard/page.tsx(1084,50): error TS1005: ';' expected.
app/admin/dashboard/page.tsx(1121,45): error TS1128: Declaration or statement expected.
app/admin/dashboard/page.tsx(1123,41): error TS1109: Expression expected.
app/admin/dashboard/page.tsx(1124,37): error TS1109: Expression expected.
app/admin/dashboard/page.tsx(1125,33): error TS1109: Expression expected.
app/admin/dashboard/page.tsx(1125,34): error TS1128: Declaration or statement expected.
app/admin/dashboard/page.tsx(1125,35): error TS1128: Declaration or statement expected.
app/admin/dashboard/page.tsx(1126,29): error TS1128: Declaration or statement expected.
app/admin/dashboard/page.tsx(1128,35): error TS1005: ',' expected.
app/admin/dashboard/page.tsx(1133,25): error TS1128: Declaration or statement expected.
app/admin/dashboard/page.tsx(1134,21): error TS1109: Expression expected.
app/admin/dashboard/page.tsx(1135,17): error TS1128: Declaration or statement expected.
app/admin/dashboard/page.tsx(1375,13): error TS1128: Declaration or statement expected.
app/admin/dashboard/page.tsx(1376,9): error TS1109: Expression expected.
app/admin/dashboard/page.tsx(1377,5): error TS1109: Expression expected.
app/admin/dashboard/page.tsx(1378,1): error TS1128: Declaration or statement expected.
app/api/cards/route.ts(19,1): error TS1185: Merge conflict marker encountered.
app/api/cards/route.ts(39,1): error TS1185: Merge conflict marker encountered.
app/api/cards/route.ts(51,1): error TS1185: Merge conflict marker encountered.
app/api/orders/[userId]/route.ts(24,1): error TS1185: Merge conflict marker encountered.
app/api/orders/[userId]/route.ts(26,1): error TS1185: Merge conflict marker encountered.
app/api/orders/[userId]/route.ts(72,1): error TS1185: Merge conflict marker encountered.
app/api/purchase/route.ts(49,1): error TS1185: Merge conflict marker encountered.
app/api/purchase/route.ts(53,1): error TS1185: Merge conflict marker encountered.
app/api/purchase/route.ts(103,1): error TS1185: Merge conflict marker encountered.
app/dashboard/orders/page.tsx(71,1): error TS1185: Merge conflict marker encountered.
app/dashboard/orders/page.tsx(85,26): error TS1382: Unexpected token. Did you mean `{'>'}` or `&gt;`?
app/dashboard/orders/page.tsx(86,13): error TS1109: Expression expected.
app/dashboard/orders/page.tsx(90,9): error TS1381: Unexpected token. Did you mean `{'}'}` or `&rbrace;`?
app/dashboard/orders/page.tsx(93,5): error TS1381: Unexpected token. Did you mean `{'}'}` or `&rbrace;`?
app/dashboard/orders/page.tsx(95,35): error TS1382: Unexpected token. Did you mean `{'>'}` or `&gt;`?
app/dashboard/orders/page.tsx(96,9): error TS1109: Expression expected.
app/dashboard/orders/page.tsx(98,5): error TS1381: Unexpected token. Did you mean `{'}'}` or `&rbrace;`?
app/dashboard/orders/page.tsx(101,118): error TS1382: Unexpected token. Did you mean `{'>'}` or `&gt;`?
app/dashboard/orders/page.tsx(101,127): error TS1003: Identifier expected.
app/dashboard/orders/page.tsx(112,1): error TS1382: Unexpected token. Did you mean `{'>'}` or `&gt;`?
app/dashboard/orders/page.tsx(112,2): error TS1382: Unexpected token. Did you mean `{'>'}` or `&gt;`?
app/dashboard/orders/page.tsx(112,3): error TS1382: Unexpected token. Did you mean `{'>'}` or `&gt;`?
app/dashboard/orders/page.tsx(112,4): error TS1382: Unexpected token. Did you mean `{'>'}` or `&gt;`?
app/dashboard/orders/page.tsx(112,5): error TS1382: Unexpected token. Did you mean `{'>'}` or `&gt;`?
app/dashboard/orders/page.tsx(112,6): error TS1382: Unexpected token. Did you mean `{'>'}` or `&gt;`?
app/dashboard/orders/page.tsx(112,7): error TS1382: Unexpected token. Did you mean `{'>'}` or `&gt;`?
app/dashboard/orders/page.tsx(115,5): error TS1381: Unexpected token. Did you mean `{'}'}` or `&rbrace;`?
app/dashboard/orders/page.tsx(175,42): error TS1005: '</' expected.
app/dashboard/orders/page.tsx(176,1): error TS1185: Merge conflict marker encountered.
app/dashboard/orders/page.tsx(178,22): error TS17008: JSX element 'motion.div' has no corresponding closing tag.
app/dashboard/orders/page.tsx(186,30): error TS17008: JSX element 'motion.div' has no corresponding closing tag.
app/dashboard/orders/page.tsx(252,26): error TS17008: JSX element 'div' has no corresponding closing tag.
app/dashboard/orders/page.tsx(322,1): error TS1382: Unexpected token. Did you mean `{'>'}` or `&gt;`?
app/dashboard/orders/page.tsx(322,2): error TS1382: Unexpected token. Did you mean `{'>'}` or `&gt;`?
app/dashboard/orders/page.tsx(322,3): error TS1382: Unexpected token. Did you mean `{'>'}` or `&gt;`?
app/dashboard/orders/page.tsx(322,4): error TS1382: Unexpected token. Did you mean `{'>'}` or `&gt;`?
app/dashboard/orders/page.tsx(322,5): error TS1382: Unexpected token. Did you mean `{'>'}` or `&gt;`?
app/dashboard/orders/page.tsx(322,6): error TS1382: Unexpected token. Did you mean `{'>'}` or `&gt;`?
app/dashboard/orders/page.tsx(322,7): error TS1382: Unexpected token. Did you mean `{'>'}` or `&gt;`?
app/dashboard/orders/page.tsx(364,35): error TS17002: Expected corresponding JSX closing tag for 'motion.div'.
app/dashboard/orders/page.tsx(365,29): error TS1005: ')' expected.
app/dashboard/orders/page.tsx(366,26): error TS1005: '}' expected.
app/dashboard/orders/page.tsx(370,26): error TS1381: Unexpected token. Did you mean `{'}'}` or `&rbrace;`?
app/dashboard/orders/page.tsx(371,23): error TS17002: Expected corresponding JSX closing tag for 'div'.
app/dashboard/orders/page.tsx(445,18): error TS1381: Unexpected token. Did you mean `{'}'}` or `&rbrace;`?
app/dashboard/orders/page.tsx(446,15): error TS17002: Expected corresponding JSX closing tag for 'div'.
app/dashboard/orders/page.tsx(449,1): error TS1381: Unexpected token. Did you mean `{'}'}` or `&rbrace;`?
app/dashboard/orders/page.tsx(450,1): error TS1005: '</' expected.
lib/encryption.ts(37,1): error TS1185: Merge conflict marker encountered.
lib/encryption.ts(39,1): error TS1185: Merge conflict marker encountered.
lib/encryption.ts(50,1): error TS1185: Merge conflict marker encountered.
lib/encryption.ts(60,1): error TS1185: Merge conflict marker encountered.
lib/encryption.ts(63,1): error TS1185: Merge conflict marker encountered.
lib/encryption.ts(65,1): error TS1185: Merge conflict marker encountered.
lib/encryption.ts(92,1): error TS1185: Merge conflict marker encountered.
lib/encryption.ts(93,1): error TS1185: Merge conflict marker encountered.
lib/encryption.ts(101,1): error TS1185: Merge conflict marker encountered.
lib/encryption.ts(121,1): error TS1185: Merge conflict marker encountered.
lib/encryption.ts(122,1): error TS1185: Merge conflict marker encountered.
lib/encryption.ts(130,1): error TS1185: Merge conflict marker encountered.
types/index.ts(34,1): error TS1185: Merge conflict marker encountered.
types/index.ts(35,1): error TS1185: Merge conflict marker encountered.
types/index.ts(40,1): error TS1185: Merge conflict marker encountered.
types/index.ts(49,1): error TS1185: Merge conflict marker encountered.
types/index.ts(51,1): error TS1185: Merge conflict marker encountered.
types/index.ts(74,1): error TS1185: Merge conflict marker encountered.
